<?xml version="1.0" encoding="UTF-8"?>
<!-- Generated by org.testng.reporters.JUnitXMLReporter -->
<testsuite hostname="YeamGood-MacBook-Pro.local" ignored="0" name="Default test" tests="26" failures="0" timestamp="22 Sep 2017 20:57:49 GMT" time="65.62" errors="0">
  <testcase name="mainPageInputGodungNameMaxLenght" time="1.506" classname="com.yeamgood.godungonline.web.TestProfile"/>
  <testcase name="mainPageInputGodungNameNull" time="0.951" classname="com.yeamgood.godungonline.web.TestProfile"/>
  <testcase name="mainPageInputNameMaxLenght" time="1.227" classname="com.yeamgood.godungonline.web.TestProfile"/>
  <testcase name="mainPageInputNameNull" time="0.906" classname="com.yeamgood.godungonline.web.TestProfile"/>
  <testcase name="mainPageSave" time="1.316" classname="com.yeamgood.godungonline.web.TestProfile"/>
  <testcase name="pageLogin" time="0.14" classname="com.yeamgood.godungonline.web.TestLogin"/>
  <testcase name="pageLoginErrorCaseEmailAndPasswordError" time="0.555" classname="com.yeamgood.godungonline.web.TestLogin"/>
  <testcase name="pageLoginErrorCaseEmailAndPasswordNull" time="0.525" classname="com.yeamgood.godungonline.web.TestLogin"/>
  <testcase name="pageLoginErrorCasePasswordWrong" time="0.603" classname="com.yeamgood.godungonline.web.TestLogin"/>
  <testcase name="pageLoginSuccess" time="1.001" classname="com.yeamgood.godungonline.web.TestLogin"/>
  <testcase name="mainPage" time="1.2" classname="com.yeamgood.godungonline.web.TestRolegodung"/>
  <testcase name="managePage" time="1.618" classname="com.yeamgood.godungonline.web.TestRolegodung"/>
  <testcase name="managePageClickBack" time="1.802" classname="com.yeamgood.godungonline.web.TestRolegodung"/>
  <testcase name="managePageSave00001" time="2.363" classname="com.yeamgood.godungonline.web.TestRolegodung"/>
  <testcase name="managePageSave00002" time="2.243" classname="com.yeamgood.godungonline.web.TestRolegodung"/>
  <testcase name="managePageSave00003" time="2.218" classname="com.yeamgood.godungonline.web.TestRolegodung"/>
  <testcase name="managePageSave00004" time="2.157" classname="com.yeamgood.godungonline.web.TestRolegodung"/>
  <testcase name="managePageSaveInputAllMaxLenght" time="3.35" classname="com.yeamgood.godungonline.web.TestRolegodung"/>
  <testcase name="managePageSaveInputAllNull" time="1.698" classname="com.yeamgood.godungonline.web.TestRolegodung"/>
  <testcase name="mainPageDatatables" time="1.038" classname="com.yeamgood.godungonline.web.TestRolegodung"/>
  <testcase name="mainPageDatatablesSearchByCode000001" time="1.27" classname="com.yeamgood.godungonline.web.TestRolegodung"/>
  <testcase name="mainPageDatatablesSearchByDescription00001" time="1.357" classname="com.yeamgood.godungonline.web.TestRolegodung"/>
  <testcase name="mainPageDatatablesSearchByName00001" time="1.365" classname="com.yeamgood.godungonline.web.TestRolegodung"/>
  <testcase name="managePageEdit00002" time="2.453" classname="com.yeamgood.godungonline.web.TestRolegodung"/>
  <testcase name="mainPageDelete00003" time="2.523" classname="com.yeamgood.godungonline.web.TestRolegodung"/>
  <testcase name="managePageDelete00004" time="2.509" classname="com.yeamgood.godungonline.web.TestRolegodung"/>
</testsuite> <!-- Default test -->
