<?xml version="1.0" encoding="UTF-8"?>
<!-- Generated by org.testng.reporters.JUnitXMLReporter -->
<testsuite hostname="YeamGood-MacBook-Pro.local" ignored="0" name="Default test" tests="60" failures="0" timestamp="24 Sep 2017 16:53:19 GMT" time="87.187" errors="0">
  <testcase name="mainPageInputGodungNameMaxLenght" time="2.229" classname="com.yeamgood.godungonline.web.TestProfile"/>
  <testcase name="mainPageInputGodungNameNull" time="1.124" classname="com.yeamgood.godungonline.web.TestProfile"/>
  <testcase name="mainPageInputNameMaxLenght" time="1.63" classname="com.yeamgood.godungonline.web.TestProfile"/>
  <testcase name="mainPageInputNameNull" time="1.085" classname="com.yeamgood.godungonline.web.TestProfile"/>
  <testcase name="mainPageSave" time="1.545" classname="com.yeamgood.godungonline.web.TestProfile"/>
  <testcase name="testDateToStringCaseDateAndFormatNull" time="0.009" classname="com.yeamgood.godungonline.utils.TestDateUtils"/>
  <testcase name="testDateToStringCaseDateNull" time="0.001" classname="com.yeamgood.godungonline.utils.TestDateUtils"/>
  <testcase name="testDateToStringCaseDateOne" time="0.002" classname="com.yeamgood.godungonline.utils.TestDateUtils"/>
  <testcase name="testDateToStringCaseDateTwo" time="0.002" classname="com.yeamgood.godungonline.utils.TestDateUtils"/>
  <testcase name="testDateToStringCaseFormatNull" time="0.001" classname="com.yeamgood.godungonline.utils.TestDateUtils"/>
  <testcase name="testDateToStringCaseFormatOne" time="0.002" classname="com.yeamgood.godungonline.utils.TestDateUtils"/>
  <testcase name="testDateToStringCaseFormatThree" time="0.001" classname="com.yeamgood.godungonline.utils.TestDateUtils"/>
  <testcase name="testDateToStringCaseFormatTwo" time="0.002" classname="com.yeamgood.godungonline.utils.TestDateUtils"/>
  <testcase name="testStringToDateCaseDateOne" time="0.001" classname="com.yeamgood.godungonline.utils.TestDateUtils"/>
  <testcase name="testStringToDateCaseDateSringNull" time="0.001" classname="com.yeamgood.godungonline.utils.TestDateUtils"/>
  <testcase name="testStringToDateCaseDateTwo" time="0.001" classname="com.yeamgood.godungonline.utils.TestDateUtils"/>
  <testcase name="testStringToDateCaseFormatNull" time="0.001" classname="com.yeamgood.godungonline.utils.TestDateUtils"/>
  <testcase name="testStringToDateCaseStringDateAndFormatNull" time="0.001" classname="com.yeamgood.godungonline.utils.TestDateUtils"/>
  <testcase name="testDecrypt123" time="0.108" classname="com.yeamgood.godungonline.utils.TestAESencrpUtils"/>
  <testcase name="testDecryptCaseDataIsNull" time="0.001" classname="com.yeamgood.godungonline.utils.TestAESencrpUtils"/>
  <testcase name="testDecryptLong123" time="0.002" classname="com.yeamgood.godungonline.utils.TestAESencrpUtils"/>
  <testcase name="testDecryptLongCaseDataIsNull" time="0.001" classname="com.yeamgood.godungonline.utils.TestAESencrpUtils"/>
  <testcase name="testEncrupt123" time="0.001" classname="com.yeamgood.godungonline.utils.TestAESencrpUtils"/>
  <testcase name="testEncruptCaseDataIsNull" time="0.001" classname="com.yeamgood.godungonline.utils.TestAESencrpUtils"/>
  <testcase name="testEncruptLong123" time="0.001" classname="com.yeamgood.godungonline.utils.TestAESencrpUtils"/>
  <testcase name="testEncruptLong999999999999" time="0.001" classname="com.yeamgood.godungonline.utils.TestAESencrpUtils"/>
  <testcase name="testEncruptLongCaseDataIsNull" time="0.002" classname="com.yeamgood.godungonline.utils.TestAESencrpUtils"/>
  <testcase name="pageLogin" time="0.178" classname="com.yeamgood.godungonline.web.TestLogin"/>
  <testcase name="pageLoginErrorCaseEmailAndPasswordError" time="0.723" classname="com.yeamgood.godungonline.web.TestLogin"/>
  <testcase name="pageLoginErrorCaseEmailAndPasswordNull" time="0.631" classname="com.yeamgood.godungonline.web.TestLogin"/>
  <testcase name="pageLoginErrorCasePasswordWrong" time="0.709" classname="com.yeamgood.godungonline.web.TestLogin"/>
  <testcase name="pageLoginSuccess" time="1.307" classname="com.yeamgood.godungonline.web.TestLogin"/>
  <testcase name="main" time="0.85" classname="com.yeamgood.godungonline.web.TestSupplier"/>
  <testcase name="manageCompany" time="2.16" classname="com.yeamgood.godungonline.web.TestSupplier"/>
  <testcase name="managePerson" time="2.083" classname="com.yeamgood.godungonline.web.TestSupplier"/>
  <testcase name="generateCaseCode00000" time="0.011" classname="com.yeamgood.godungonline.utils.TestGenerateCodeUtils"/>
  <testcase name="generateCaseCode00001" time="0.001" classname="com.yeamgood.godungonline.utils.TestGenerateCodeUtils"/>
  <testcase name="generateCaseCode99999" time="0.001" classname="com.yeamgood.godungonline.utils.TestGenerateCodeUtils"/>
  <testcase name="generateCaseCodeDiff1" time="0.001" classname="com.yeamgood.godungonline.utils.TestGenerateCodeUtils"/>
  <testcase name="generateCaseMaxCodeIsNull" time="0.001" classname="com.yeamgood.godungonline.utils.TestGenerateCodeUtils"/>
  <testcase name="generateCaseTitleAndMaxcodeIsNull" time="0.0" classname="com.yeamgood.godungonline.utils.TestGenerateCodeUtils"/>
  <testcase name="generateCaseTitleDiff1" time="0.001" classname="com.yeamgood.godungonline.utils.TestGenerateCodeUtils"/>
  <testcase name="generateCaseTitleDiff2" time="0.001" classname="com.yeamgood.godungonline.utils.TestGenerateCodeUtils"/>
  <testcase name="generateCaseTitleDiff3" time="0.001" classname="com.yeamgood.godungonline.utils.TestGenerateCodeUtils"/>
  <testcase name="mainPage" time="1.258" classname="com.yeamgood.godungonline.web.TestRolegodung"/>
  <testcase name="managePage" time="1.806" classname="com.yeamgood.godungonline.web.TestRolegodung"/>
  <testcase name="managePageClickBack" time="2.031" classname="com.yeamgood.godungonline.web.TestRolegodung"/>
  <testcase name="managePageSave00001" time="2.742" classname="com.yeamgood.godungonline.web.TestRolegodung"/>
  <testcase name="managePageSave00002" time="2.528" classname="com.yeamgood.godungonline.web.TestRolegodung"/>
  <testcase name="managePageSave00003" time="2.414" classname="com.yeamgood.godungonline.web.TestRolegodung"/>
  <testcase name="managePageSave00004" time="2.479" classname="com.yeamgood.godungonline.web.TestRolegodung"/>
  <testcase name="managePageSaveInputAllMaxLenght" time="4.01" classname="com.yeamgood.godungonline.web.TestRolegodung"/>
  <testcase name="managePageSaveInputAllNull" time="2.042" classname="com.yeamgood.godungonline.web.TestRolegodung"/>
  <testcase name="mainPageDatatables" time="1.156" classname="com.yeamgood.godungonline.web.TestRolegodung"/>
  <testcase name="mainPageDatatablesSearchByCode000001" time="1.45" classname="com.yeamgood.godungonline.web.TestRolegodung"/>
  <testcase name="mainPageDatatablesSearchByDescription00001" time="1.521" classname="com.yeamgood.godungonline.web.TestRolegodung"/>
  <testcase name="mainPageDatatablesSearchByName00001" time="1.477" classname="com.yeamgood.godungonline.web.TestRolegodung"/>
  <testcase name="managePageEdit00002" time="2.655" classname="com.yeamgood.godungonline.web.TestRolegodung"/>
  <testcase name="mainPageDelete00003" time="3.004" classname="com.yeamgood.godungonline.web.TestRolegodung"/>
  <testcase name="managePageDelete00004" time="2.867" classname="com.yeamgood.godungonline.web.TestRolegodung"/>
</testsuite> <!-- Default test -->
